# JRE version: Java(TM) SE Runtime Environment (12.0.1+12) (build 12.0.1+12)
# Java VM: Java HotSpot(TM) 64-Bit Server VM (12.0.1+12, mixed mode, sharing, tiered, compressed oops, g1 gc, windows-amd64)
Heap:
 garbage-first heap   total 129024K, used 7760K [0x0000000082200000, 0x0000000100000000)
  region size 1024K, 4 young (4096K), 4 survivors (4096K)
 Metaspace       used 18745K, capacity 19171K, committed 19200K, reserved 1085440K
  class space    used 2366K, capacity 2546K, committed 2560K, reserved 1048576K
GC Heap History (6 events):
Event: 1.515 GC heap before
{Heap before GC invocations=0 (full 0):
 garbage-first heap   total 129024K, used 13312K [0x0000000082200000, 0x0000000100000000)
  region size 1024K, 14 young (14336K), 0 survivors (0K)
 Metaspace       used 3969K, capacity 6273K, committed 6400K, reserved 1056768K
  class space    used 421K, capacity 645K, committed 768K, reserved 1048576K
}
Event: 1.525 GC heap after
{Heap after GC invocations=1 (full 0):
 garbage-first heap   total 129024K, used 3961K [0x0000000082200000, 0x0000000100000000)
  region size 1024K, 2 young (2048K), 2 survivors (2048K)
 Metaspace       used 3969K, capacity 6273K, committed 6400K, reserved 1056768K
  class space    used 421K, capacity 645K, committed 768K, reserved 1048576K
}
Event: 1.715 GC heap before
{Heap before GC invocations=1 (full 0):
 garbage-first heap   total 129024K, used 8057K [0x0000000082200000, 0x0000000100000000)
  region size 1024K, 6 young (6144K), 2 survivors (2048K)
 Metaspace       used 4782K, capacity 6722K, committed 6912K, reserved 1056768K
  class space    used 534K, capacity 732K, committed 768K, reserved 1048576K
}
Event: 1.720 GC heap after
{Heap after GC invocations=2 (full 0):
 garbage-first heap   total 129024K, used 4500K [0x0000000082200000, 0x0000000100000000)
  region size 1024K, 1 young (1024K), 1 survivors (1024K)
 Metaspace       used 4782K, capacity 6722K, committed 6912K, reserved 1056768K
  class space    used 534K, capacity 732K, committed 768K, reserved 1048576K
}
Event: 2.505 GC heap before
{Heap before GC invocations=2 (full 0):
 garbage-first heap   total 129024K, used 26004K [0x0000000082200000, 0x0000000100000000)
  region size 1024K, 23 young (23552K), 1 survivors (1024K)
 Metaspace       used 9582K, capacity 10400K, committed 10624K, reserved 1058816K
  class space    used 1263K, capacity 1363K, committed 1408K, reserved 1048576K
}
Event: 2.508 GC heap after
{Heap after GC invocations=3 (full 0):
 garbage-first heap   total 129024K, used 5591K [0x0000000082200000, 0x0000000100000000)
  region size 1024K, 2 young (2048K), 2 survivors (2048K)
 Metaspace       used 9582K, capacity 10400K, committed 10624K, reserved 1058816K
  class space    used 1263K, capacity 1363K, committed 1408K, reserved 1048576K
}

